The system is: Windows - 10.0.22621 - AMD64
Compiling the C compiler identification source file "CMakeCCompilerId.c" succeeded.
Compiler: C:/Program Files/LLVM/bin/clang-cl.exe 
Build flags: -m32
Id flags:  

The output was:
0


Compilation of the C compiler identification source "CMakeCCompilerId.c" produced "CMakeCCompilerId.exe"

The C compiler identification is Clang, found in "C:/Users/fsanv/my_projects/Raycast/cmake-build-debug-clang/CMakeFiles/3.20.2/CompilerIdC/CMakeCCompilerId.exe"

Compiling the CXX compiler identification source file "CMakeCXXCompilerId.cpp" succeeded.
Compiler: C:/Program Files/LLVM/bin/clang-cl.exe 
Build flags: -m32
Id flags:  

The output was:
0


Compilation of the CXX compiler identification source "CMakeCXXCompilerId.cpp" produced "CMakeCXXCompilerId.exe"

The CXX compiler identification is Clang, found in "C:/Users/fsanv/my_projects/Raycast/cmake-build-debug-clang/CMakeFiles/3.20.2/CompilerIdCXX/CMakeCXXCompilerId.exe"

Detecting C compiler ABI info compiled with the following output:
Change Dir: C:/Users/fsanv/my_projects/Raycast/cmake-build-debug-clang/CMakeFiles/CMakeTmp

Run Build Command(s):nmake -f Makefile /nologo cmTC_f978e\fast && 	"C:\Program Files (x86)\Microsoft Visual Studio\2019\Community\VC\Tools\MSVC\14.29.30133\bin\HostX86\x86\nmake.exe"  -f CMakeFiles\cmTC_f978e.dir\build.make /nologo -L                  CMakeFiles\cmTC_f978e.dir\build
Building C object CMakeFiles/cmTC_f978e.dir/CMakeCCompilerABI.c.obj
	C:\PROGRA~1\LLVM\bin\clang-cl.exe @C:\Users\fsanv\AppData\Local\Temp\nm701A.tmp
Linking C executable cmTC_f978e.exe
	"C:\Program Files\JetBrains\CLion 2021.2.3\bin\cmake\win\bin\cmake.exe" -E vs_link_exe --intdir=CMakeFiles\cmTC_f978e.dir --rc=C:\PROGRA~2\WI3CF2~1\10\bin\100220~1.0\x86\rc.exe --mt=C:\PROGRA~2\WI3CF2~1\10\bin\100220~1.0\x86\mt.exe --manifests -- C:\PROGRA~1\LLVM\bin\lld-link.exe /nologo @CMakeFiles\cmTC_f978e.dir\objects1.rsp @C:\Users\fsanv\AppData\Local\Temp\nm7088.tmp



Detecting CXX compiler ABI info compiled with the following output:
Change Dir: C:/Users/fsanv/my_projects/Raycast/cmake-build-debug-clang/CMakeFiles/CMakeTmp

Run Build Command(s):nmake -f Makefile /nologo cmTC_a5804\fast && 	"C:\Program Files (x86)\Microsoft Visual Studio\2019\Community\VC\Tools\MSVC\14.29.30133\bin\HostX86\x86\nmake.exe"  -f CMakeFiles\cmTC_a5804.dir\build.make /nologo -L                  CMakeFiles\cmTC_a5804.dir\build
Building CXX object CMakeFiles/cmTC_a5804.dir/CMakeCXXCompilerABI.cpp.obj
	C:\PROGRA~1\LLVM\bin\clang-cl.exe @C:\Users\fsanv\AppData\Local\Temp\nm7818.tmp
Linking CXX executable cmTC_a5804.exe
	"C:\Program Files\JetBrains\CLion 2021.2.3\bin\cmake\win\bin\cmake.exe" -E vs_link_exe --intdir=CMakeFiles\cmTC_a5804.dir --rc=C:\PROGRA~2\WI3CF2~1\10\bin\100220~1.0\x86\rc.exe --mt=C:\PROGRA~2\WI3CF2~1\10\bin\100220~1.0\x86\mt.exe --manifests -- C:\PROGRA~1\LLVM\bin\lld-link.exe /nologo @CMakeFiles\cmTC_a5804.dir\objects1.rsp @C:\Users\fsanv\AppData\Local\Temp\nm7868.tmp





Detecting CXX [-std:c++14] compiler features compiled with the following output:
Change Dir: C:/Users/fsanv/my_projects/Raycast/cmake-build-debug-clang/CMakeFiles/CMakeTmp

Run Build Command(s):nmake -f Makefile /nologo cmTC_51c6f\fast && 	"C:\Program Files (x86)\Microsoft Visual Studio\2019\Community\VC\Tools\MSVC\14.29.30133\bin\HostX86\x86\nmake.exe"  -f CMakeFiles\cmTC_51c6f.dir\build.make /nologo -L                  CMakeFiles\cmTC_51c6f.dir\build
Building CXX object CMakeFiles/cmTC_51c6f.dir/feature_tests.cxx.obj
	C:\PROGRA~1\LLVM\bin\clang-cl.exe @C:\Users\fsanv\AppData\Local\Temp\nm7C20.tmp
Linking CXX executable cmTC_51c6f.exe
	"C:\Program Files\JetBrains\CLion 2021.2.3\bin\cmake\win\bin\cmake.exe" -E vs_link_exe --intdir=CMakeFiles\cmTC_51c6f.dir --rc=C:\PROGRA~2\WI3CF2~1\10\bin\100220~1.0\x86\rc.exe --mt=C:\PROGRA~2\WI3CF2~1\10\bin\100220~1.0\x86\mt.exe --manifests -- C:\PROGRA~1\LLVM\bin\lld-link.exe /nologo @CMakeFiles\cmTC_51c6f.dir\objects1.rsp @C:\Users\fsanv\AppData\Local\Temp\nm7C6F.tmp



    Feature record: CXX_FEATURE:1cxx_template_template_parameters
    Feature record: CXX_FEATURE:1cxx_alias_templates
    Feature record: CXX_FEATURE:1cxx_alignas
    Feature record: CXX_FEATURE:1cxx_alignof
    Feature record: CXX_FEATURE:1cxx_attributes
    Feature record: CXX_FEATURE:1cxx_auto_type
    Feature record: CXX_FEATURE:1cxx_constexpr
    Feature record: CXX_FEATURE:1cxx_decltype
    Feature record: CXX_FEATURE:1cxx_default_function_template_args
    Feature record: CXX_FEATURE:1cxx_defaulted_functions
    Feature record: CXX_FEATURE:1cxx_defaulted_move_initializers
    Feature record: CXX_FEATURE:1cxx_delegating_constructors
    Feature record: CXX_FEATURE:1cxx_deleted_functions
    Feature record: CXX_FEATURE:1cxx_enum_forward_declarations
    Feature record: CXX_FEATURE:1cxx_explicit_conversions
    Feature record: CXX_FEATURE:1cxx_extended_friend_declarations
    Feature record: CXX_FEATURE:1cxx_extern_templates
    Feature record: CXX_FEATURE:1cxx_final
    Feature record: CXX_FEATURE:1cxx_func_identifier
    Feature record: CXX_FEATURE:1cxx_generalized_initializers
    Feature record: CXX_FEATURE:1cxx_inheriting_constructors
    Feature record: CXX_FEATURE:1cxx_inline_namespaces
    Feature record: CXX_FEATURE:1cxx_lambdas
    Feature record: CXX_FEATURE:1cxx_local_type_template_args
    Feature record: CXX_FEATURE:1cxx_long_long_type
    Feature record: CXX_FEATURE:1cxx_noexcept
    Feature record: CXX_FEATURE:1cxx_nonstatic_member_init
    Feature record: CXX_FEATURE:1cxx_nullptr
    Feature record: CXX_FEATURE:1cxx_override
    Feature record: CXX_FEATURE:1cxx_range_for
    Feature record: CXX_FEATURE:1cxx_raw_string_literals
    Feature record: CXX_FEATURE:1cxx_reference_qualified_functions
    Feature record: CXX_FEATURE:1cxx_right_angle_brackets
    Feature record: CXX_FEATURE:1cxx_rvalue_references
    Feature record: CXX_FEATURE:1cxx_sizeof_member
    Feature record: CXX_FEATURE:1cxx_static_assert
    Feature record: CXX_FEATURE:1cxx_strong_enums
    Feature record: CXX_FEATURE:1cxx_thread_local
    Feature record: CXX_FEATURE:1cxx_trailing_return_types
    Feature record: CXX_FEATURE:1cxx_unicode_literals
    Feature record: CXX_FEATURE:1cxx_uniform_initialization
    Feature record: CXX_FEATURE:1cxx_unrestricted_unions
    Feature record: CXX_FEATURE:1cxx_user_literals
    Feature record: CXX_FEATURE:1cxx_variadic_macros
    Feature record: CXX_FEATURE:1cxx_variadic_templates
    Feature record: CXX_FEATURE:1cxx_aggregate_default_initializers
    Feature record: CXX_FEATURE:1cxx_attribute_deprecated
    Feature record: CXX_FEATURE:1cxx_binary_literals
    Feature record: CXX_FEATURE:1cxx_contextual_conversions
    Feature record: CXX_FEATURE:1cxx_decltype_auto
    Feature record: CXX_FEATURE:1cxx_digit_separators
    Feature record: CXX_FEATURE:1cxx_generic_lambdas
    Feature record: CXX_FEATURE:1cxx_lambda_init_captures
    Feature record: CXX_FEATURE:1cxx_relaxed_constexpr
    Feature record: CXX_FEATURE:1cxx_return_type_deduction
    Feature record: CXX_FEATURE:1cxx_variable_templates


Detecting CXX [] compiler features compiled with the following output:
Change Dir: C:/Users/fsanv/my_projects/Raycast/cmake-build-debug-clang/CMakeFiles/CMakeTmp

Run Build Command(s):nmake -f Makefile /nologo cmTC_2d0ca\fast && 	"C:\Program Files (x86)\Microsoft Visual Studio\2019\Community\VC\Tools\MSVC\14.29.30133\bin\HostX86\x86\nmake.exe"  -f CMakeFiles\cmTC_2d0ca.dir\build.make /nologo -L                  CMakeFiles\cmTC_2d0ca.dir\build
Building CXX object CMakeFiles/cmTC_2d0ca.dir/feature_tests.cxx.obj
	C:\PROGRA~1\LLVM\bin\clang-cl.exe @C:\Users\fsanv\AppData\Local\Temp\nm815F.tmp
Linking CXX executable cmTC_2d0ca.exe
	"C:\Program Files\JetBrains\CLion 2021.2.3\bin\cmake\win\bin\cmake.exe" -E vs_link_exe --intdir=CMakeFiles\cmTC_2d0ca.dir --rc=C:\PROGRA~2\WI3CF2~1\10\bin\100220~1.0\x86\rc.exe --mt=C:\PROGRA~2\WI3CF2~1\10\bin\100220~1.0\x86\mt.exe --manifests -- C:\PROGRA~1\LLVM\bin\lld-link.exe /nologo @CMakeFiles\cmTC_2d0ca.dir\objects1.rsp @C:\Users\fsanv\AppData\Local\Temp\nm81AF.tmp



    Feature record: CXX_FEATURE:1cxx_template_template_parameters
    Feature record: CXX_FEATURE:1cxx_alias_templates
    Feature record: CXX_FEATURE:1cxx_alignas
    Feature record: CXX_FEATURE:1cxx_alignof
    Feature record: CXX_FEATURE:1cxx_attributes
    Feature record: CXX_FEATURE:1cxx_auto_type
    Feature record: CXX_FEATURE:1cxx_constexpr
    Feature record: CXX_FEATURE:1cxx_decltype
    Feature record: CXX_FEATURE:1cxx_default_function_template_args
    Feature record: CXX_FEATURE:1cxx_defaulted_functions
    Feature record: CXX_FEATURE:1cxx_defaulted_move_initializers
    Feature record: CXX_FEATURE:1cxx_delegating_constructors
    Feature record: CXX_FEATURE:1cxx_deleted_functions
    Feature record: CXX_FEATURE:1cxx_enum_forward_declarations
    Feature record: CXX_FEATURE:1cxx_explicit_conversions
    Feature record: CXX_FEATURE:1cxx_extended_friend_declarations
    Feature record: CXX_FEATURE:1cxx_extern_templates
    Feature record: CXX_FEATURE:1cxx_final
    Feature record: CXX_FEATURE:1cxx_func_identifier
    Feature record: CXX_FEATURE:1cxx_generalized_initializers
    Feature record: CXX_FEATURE:1cxx_inheriting_constructors
    Feature record: CXX_FEATURE:1cxx_inline_namespaces
    Feature record: CXX_FEATURE:1cxx_lambdas
    Feature record: CXX_FEATURE:1cxx_local_type_template_args
    Feature record: CXX_FEATURE:1cxx_long_long_type
    Feature record: CXX_FEATURE:1cxx_noexcept
    Feature record: CXX_FEATURE:1cxx_nonstatic_member_init
    Feature record: CXX_FEATURE:1cxx_nullptr
    Feature record: CXX_FEATURE:1cxx_override
    Feature record: CXX_FEATURE:1cxx_range_for
    Feature record: CXX_FEATURE:1cxx_raw_string_literals
    Feature record: CXX_FEATURE:1cxx_reference_qualified_functions
    Feature record: CXX_FEATURE:1cxx_right_angle_brackets
    Feature record: CXX_FEATURE:1cxx_rvalue_references
    Feature record: CXX_FEATURE:1cxx_sizeof_member
    Feature record: CXX_FEATURE:1cxx_static_assert
    Feature record: CXX_FEATURE:1cxx_strong_enums
    Feature record: CXX_FEATURE:1cxx_thread_local
    Feature record: CXX_FEATURE:1cxx_trailing_return_types
    Feature record: CXX_FEATURE:1cxx_unicode_literals
    Feature record: CXX_FEATURE:1cxx_uniform_initialization
    Feature record: CXX_FEATURE:1cxx_unrestricted_unions
    Feature record: CXX_FEATURE:1cxx_user_literals
    Feature record: CXX_FEATURE:1cxx_variadic_macros
    Feature record: CXX_FEATURE:1cxx_variadic_templates
    Feature record: CXX_FEATURE:1cxx_aggregate_default_initializers
    Feature record: CXX_FEATURE:1cxx_attribute_deprecated
    Feature record: CXX_FEATURE:1cxx_binary_literals
    Feature record: CXX_FEATURE:1cxx_contextual_conversions
    Feature record: CXX_FEATURE:1cxx_decltype_auto
    Feature record: CXX_FEATURE:1cxx_digit_separators
    Feature record: CXX_FEATURE:1cxx_generic_lambdas
    Feature record: CXX_FEATURE:1cxx_lambda_init_captures
    Feature record: CXX_FEATURE:1cxx_relaxed_constexpr
    Feature record: CXX_FEATURE:1cxx_return_type_deduction
    Feature record: CXX_FEATURE:1cxx_variable_templates
